kill: 1: Operation not permitted

kill -9 `cat /home/dsns/secmap-run/storage/cassandra.pid` && rm /home/dsns/secmap-run/storage/cassandra.pid
kill: 1: Operation not permitted

kill: 1: Operation not permitted

kill: 1: Operation not permitted

kill: 1: Operation not permitted

kill: 1: Operation not permitted

kill: 1: Operation not permitted

kill: 1: Operation not permitted

kill: 1: Operation not permitted

kill: 1: Operation not permitted

kill: 1: Operation not permitted

kill: 1: Operation not permitted

kill: 1: Operation not permitted

add all analyzers!!
invoke analyzer:clamav-2 into runlist
invoke analyzer:mba-taint-2 into runlist
invoke analyzer:clamav-1 into runlist
invoke analyzer:mba-taint-1 into runlist
invoke analyzer:clamav-3 into runlist
invoke analyzer:mba-taint-3 into runlist
kill -9 `cat /home/dsns/analyzers/clamav-2/analyzer.pid` ;kill -9 `cat /home/dsns/analyzers/clamav-2/AnalyzerInvoker.pid` ;rm /home/dsns/analyzers/clamav-2/analyzer.pid;rm /home/dsns/analyzers/clamav-2/AnalyzerInvoker.pid;
kill -9 `cat /home/dsns/analyzers/mba-taint-2/analyzer.pid` ;kill -9 `cat /home/dsns/analyzers/mba-taint-2/AnalyzerInvoker.pid` ;rm /home/dsns/analyzers/mba-taint-2/analyzer.pid;rm /home/dsns/analyzers/mba-taint-2/AnalyzerInvoker.pid;
kill -9 `cat /home/dsns/analyzers/clamav-1/analyzer.pid` ;kill -9 `cat /home/dsns/analyzers/clamav-1/AnalyzerInvoker.pid` ;rm /home/dsns/analyzers/clamav-1/analyzer.pid;rm /home/dsns/analyzers/clamav-1/AnalyzerInvoker.pid;
kill -9 `cat /home/dsns/analyzers/mba-taint-1/analyzer.pid` ;kill -9 `cat /home/dsns/analyzers/mba-taint-1/AnalyzerInvoker.pid` ;rm /home/dsns/analyzers/mba-taint-1/analyzer.pid;rm /home/dsns/analyzers/mba-taint-1/AnalyzerInvoker.pid;
kill -9 `cat /home/dsns/analyzers/clamav-3/analyzer.pid` ;kill -9 `cat /home/dsns/analyzers/clamav-3/AnalyzerInvoker.pid` ;rm /home/dsns/analyzers/clamav-3/analyzer.pid;rm /home/dsns/analyzers/clamav-3/AnalyzerInvoker.pid;
kill -9 `cat /home/dsns/analyzers/mba-taint-3/analyzer.pid` ;kill -9 `cat /home/dsns/analyzers/mba-taint-3/AnalyzerInvoker.pid` ;rm /home/dsns/analyzers/mba-taint-3/analyzer.pid;rm /home/dsns/analyzers/mba-taint-3/AnalyzerInvoker.pid;
kill: 1: Operation not permitted

kill -9 `cat /home/dsns/secmap-run/storage/cassandra.pid` && rm /home/dsns/secmap-run/storage/cassandra.pid
cat: /home/dsns/analyzers/clamav-2/analyzer.pid: No such file or directory
kill: 1: Usage: kill [-s sigspec | -signum | -sigspec] [pid | job]... or
kill -l [exitstatus]
cat: /home/dsns/analyzers/clamav-2/AnalyzerInvoker.pid: No such file or directory
kill: 1: Usage: kill [-s sigspec | -signum | -sigspec] [pid | job]... or
kill -l [exitstatus]
rm: cannot remove `/home/dsns/analyzers/clamav-2/analyzer.pid': No such file or directory
rm: cannot remove `/home/dsns/analyzers/clamav-2/AnalyzerInvoker.pid': No such file or directory
cat: /home/dsns/analyzers/mba-taint-2/analyzer.pid: No such file or directory
kill: 1: Usage: kill [-s sigspec | -signum | -sigspec] [pid | job]... or
kill -l [exitstatus]
cat: /home/dsns/analyzers/mba-taint-2/AnalyzerInvoker.pid: No such file or directory
kill: 1: Usage: kill [-s sigspec | -signum | -sigspec] [pid | job]... or
kill -l [exitstatus]
rm: cannot remove `/home/dsns/analyzers/mba-taint-2/analyzer.pid': No such file or directory
rm: cannot remove `/home/dsns/analyzers/mba-taint-2/AnalyzerInvoker.pid': No such file or directory
cat: /home/dsns/analyzers/clamav-1/analyzer.pid: No such file or directory
kill: 1: Usage: kill [-s sigspec | -signum | -sigspec] [pid | job]... or
kill -l [exitstatus]
cat: /home/dsns/analyzers/clamav-1/AnalyzerInvoker.pid: No such file or directory
kill: 1: Usage: kill [-s sigspec | -signum | -sigspec] [pid | job]... or
kill -l [exitstatus]
rm: cannot remove `/home/dsns/analyzers/clamav-1/analyzer.pid': No such file or directory
rm: cannot remove `/home/dsns/analyzers/clamav-1/AnalyzerInvoker.pid': No such file or directory
cat: /home/dsns/analyzers/mba-taint-1/analyzer.pid: No such file or directory
kill: 1: Usage: kill [-s sigspec | -signum | -sigspec] [pid | job]... or
kill -l [exitstatus]
cat: /home/dsns/analyzers/mba-taint-1/AnalyzerInvoker.pid: No such file or directory
kill: 1: Usage: kill [-s sigspec | -signum | -sigspec] [pid | job]... or
kill -l [exitstatus]
rm: cannot remove `/home/dsns/analyzers/mba-taint-1/analyzer.pid': No such file or directory
rm: cannot remove `/home/dsns/analyzers/mba-taint-1/AnalyzerInvoker.pid': No such file or directory
cat: /home/dsns/analyzers/clamav-3/analyzer.pid: No such file or directory
kill: 1: Usage: kill [-s sigspec | -signum | -sigspec] [pid | job]... or
kill -l [exitstatus]
cat: /home/dsns/analyzers/clamav-3/AnalyzerInvoker.pid: No such file or directory
kill: 1: Usage: kill [-s sigspec | -signum | -sigspec] [pid | job]... or
kill -l [exitstatus]
rm: cannot remove `/home/dsns/analyzers/clamav-3/analyzer.pid': No such file or directory
rm: cannot remove `/home/dsns/analyzers/clamav-3/AnalyzerInvoker.pid': No such file or directory
cat: /home/dsns/analyzers/mba-taint-3/analyzer.pid: No such file or directory
kill: 1: Usage: kill [-s sigspec | -signum | -sigspec] [pid | job]... or
kill -l [exitstatus]
cat: /home/dsns/analyzers/mba-taint-3/AnalyzerInvoker.pid: No such file or directory
kill: 1: Usage: kill [-s sigspec | -signum | -sigspec] [pid | job]... or
kill -l [exitstatus]
rm: cannot remove `/home/dsns/analyzers/mba-taint-3/analyzer.pid': No such file or directory
rm: cannot remove `/home/dsns/analyzers/mba-taint-3/AnalyzerInvoker.pid': No such file or directory
add all analyzers!!
invoke analyzer:clamav-2 into runlist
invoke analyzer:mba-taint-2 into runlist
invoke analyzer:clamav-1 into runlist
invoke analyzer:mba-taint-1 into runlist
invoke analyzer:clamav-3 into runlist
invoke analyzer:mba-taint-3 into runlist
kill -9 `cat /home/dsns/analyzers/clamav-2/analyzer.pid` ;kill -9 `cat /home/dsns/analyzers/clamav-2/AnalyzerInvoker.pid` ;rm /home/dsns/analyzers/clamav-2/analyzer.pid;rm /home/dsns/analyzers/clamav-2/AnalyzerInvoker.pid;
kill -9 `cat /home/dsns/analyzers/mba-taint-2/analyzer.pid` ;kill -9 `cat /home/dsns/analyzers/mba-taint-2/AnalyzerInvoker.pid` ;rm /home/dsns/analyzers/mba-taint-2/analyzer.pid;rm /home/dsns/analyzers/mba-taint-2/AnalyzerInvoker.pid;
kill -9 `cat /home/dsns/analyzers/clamav-1/analyzer.pid` ;kill -9 `cat /home/dsns/analyzers/clamav-1/AnalyzerInvoker.pid` ;rm /home/dsns/analyzers/clamav-1/analyzer.pid;rm /home/dsns/analyzers/clamav-1/AnalyzerInvoker.pid;
kill -9 `cat /home/dsns/analyzers/mba-taint-1/analyzer.pid` ;kill -9 `cat /home/dsns/analyzers/mba-taint-1/AnalyzerInvoker.pid` ;rm /home/dsns/analyzers/mba-taint-1/analyzer.pid;rm /home/dsns/analyzers/mba-taint-1/AnalyzerInvoker.pid;
kill -9 `cat /home/dsns/analyzers/clamav-3/analyzer.pid` ;kill -9 `cat /home/dsns/analyzers/clamav-3/AnalyzerInvoker.pid` ;rm /home/dsns/analyzers/clamav-3/analyzer.pid;rm /home/dsns/analyzers/clamav-3/AnalyzerInvoker.pid;
kill -9 `cat /home/dsns/analyzers/mba-taint-3/analyzer.pid` ;kill -9 `cat /home/dsns/analyzers/mba-taint-3/AnalyzerInvoker.pid` ;rm /home/dsns/analyzers/mba-taint-3/analyzer.pid;rm /home/dsns/analyzers/mba-taint-3/AnalyzerInvoker.pid;
kill: 1: Operation not permitted

cat: /home/dsns/analyzers/clamav-2/analyzer.pid: No such file or directory
kill -9 `cat /home/dsns/secmap-run/storage/cassandra.pid` && rm /home/dsns/secmap-run/storage/cassandra.pid
kill: 1: Usage: kill [-s sigspec | -signum | -sigspec] [pid | job]... or
kill -l [exitstatus]
cat: /home/dsns/analyzers/clamav-2/AnalyzerInvoker.pid: No such file or directory
kill: 1: Usage: kill [-s sigspec | -signum | -sigspec] [pid | job]... or
kill -l [exitstatus]
rm: cannot remove `/home/dsns/analyzers/clamav-2/analyzer.pid': No such file or directory
rm: cannot remove `/home/dsns/analyzers/clamav-2/AnalyzerInvoker.pid': No such file or directory
cat: /home/dsns/analyzers/mba-taint-2/analyzer.pid: No such file or directory
kill: 1: Usage: kill [-s sigspec | -signum | -sigspec] [pid | job]... or
kill -l [exitstatus]
cat: /home/dsns/analyzers/mba-taint-2/AnalyzerInvoker.pid: No such file or directory
kill: 1: Usage: kill [-s sigspec | -signum | -sigspec] [pid | job]... or
kill -l [exitstatus]
rm: cannot remove `/home/dsns/analyzers/mba-taint-2/analyzer.pid': No such file or directory
rm: cannot remove `/home/dsns/analyzers/mba-taint-2/AnalyzerInvoker.pid': No such file or directory
cat: /home/dsns/analyzers/clamav-1/analyzer.pid: No such file or directory
kill: 1: Usage: kill [-s sigspec | -signum | -sigspec] [pid | job]... or
kill -l [exitstatus]
cat: /home/dsns/analyzers/clamav-1/AnalyzerInvoker.pid: No such file or directory
kill: 1: Usage: kill [-s sigspec | -signum | -sigspec] [pid | job]... or
kill -l [exitstatus]
rm: cannot remove `/home/dsns/analyzers/clamav-1/analyzer.pid': No such file or directory
rm: cannot remove `/home/dsns/analyzers/clamav-1/AnalyzerInvoker.pid': No such file or directory
cat: /home/dsns/analyzers/mba-taint-1/analyzer.pid: No such file or directory
kill: 1: Usage: kill [-s sigspec | -signum | -sigspec] [pid | job]... or
kill -l [exitstatus]
cat: /home/dsns/analyzers/mba-taint-1/AnalyzerInvoker.pid: No such file or directory
kill: 1: Usage: kill [-s sigspec | -signum | -sigspec] [pid | job]... or
kill -l [exitstatus]
rm: cannot remove `/home/dsns/analyzers/mba-taint-1/analyzer.pid': No such file or directory
rm: cannot remove `/home/dsns/analyzers/mba-taint-1/AnalyzerInvoker.pid': No such file or directory
cat: /home/dsns/analyzers/clamav-3/analyzer.pid: No such file or directory
kill: 1: Usage: kill [-s sigspec | -signum | -sigspec] [pid | job]... or
kill -l [exitstatus]
cat: /home/dsns/analyzers/clamav-3/AnalyzerInvoker.pid: No such file or directory
kill: 1: Usage: kill [-s sigspec | -signum | -sigspec] [pid | job]... or
kill -l [exitstatus]
rm: cannot remove `/home/dsns/analyzers/clamav-3/analyzer.pid': No such file or directory
rm: cannot remove `/home/dsns/analyzers/clamav-3/AnalyzerInvoker.pid': No such file or directory
cat: /home/dsns/analyzers/mba-taint-3/analyzer.pid: No such file or directory
kill: 1: Usage: kill [-s sigspec | -signum | -sigspec] [pid | job]... or
kill -l [exitstatus]
cat: /home/dsns/analyzers/mba-taint-3/AnalyzerInvoker.pid: No such file or directory
kill: 1: Usage: kill [-s sigspec | -signum | -sigspec] [pid | job]... or
kill -l [exitstatus]
rm: cannot remove `/home/dsns/analyzers/mba-taint-3/analyzer.pid': No such file or directory
rm: cannot remove `/home/dsns/analyzers/mba-taint-3/AnalyzerInvoker.pid': No such file or directory
add all analyzers!!
invoke analyzer:clamav-2 into runlist
invoke analyzer:mba-taint-2 into runlist
invoke analyzer:clamav-1 into runlist
invoke analyzer:mba-taint-1 into runlist
invoke analyzer:clamav-3 into runlist
invoke analyzer:mba-taint-3 into runlist
kill -9 `cat /home/dsns/analyzers/clamav-2/analyzer.pid` ;kill -9 `cat /home/dsns/analyzers/clamav-2/AnalyzerInvoker.pid` ;rm /home/dsns/analyzers/clamav-2/analyzer.pid;rm /home/dsns/analyzers/clamav-2/AnalyzerInvoker.pid;
kill -9 `cat /home/dsns/analyzers/mba-taint-2/analyzer.pid` ;kill -9 `cat /home/dsns/analyzers/mba-taint-2/AnalyzerInvoker.pid` ;rm /home/dsns/analyzers/mba-taint-2/analyzer.pid;rm /home/dsns/analyzers/mba-taint-2/AnalyzerInvoker.pid;
kill -9 `cat /home/dsns/analyzers/clamav-1/analyzer.pid` ;kill -9 `cat /home/dsns/analyzers/clamav-1/AnalyzerInvoker.pid` ;rm /home/dsns/analyzers/clamav-1/analyzer.pid;rm /home/dsns/analyzers/clamav-1/AnalyzerInvoker.pid;
kill -9 `cat /home/dsns/analyzers/mba-taint-1/analyzer.pid` ;kill -9 `cat /home/dsns/analyzers/mba-taint-1/AnalyzerInvoker.pid` ;rm /home/dsns/analyzers/mba-taint-1/analyzer.pid;rm /home/dsns/analyzers/mba-taint-1/AnalyzerInvoker.pid;
kill -9 `cat /home/dsns/analyzers/clamav-3/analyzer.pid` ;kill -9 `cat /home/dsns/analyzers/clamav-3/AnalyzerInvoker.pid` ;rm /home/dsns/analyzers/clamav-3/analyzer.pid;rm /home/dsns/analyzers/clamav-3/AnalyzerInvoker.pid;
kill -9 `cat /home/dsns/analyzers/mba-taint-3/analyzer.pid` ;kill -9 `cat /home/dsns/analyzers/mba-taint-3/AnalyzerInvoker.pid` ;rm /home/dsns/analyzers/mba-taint-3/analyzer.pid;rm /home/dsns/analyzers/mba-taint-3/AnalyzerInvoker.pid;
